<?xml version="1.0" encoding="UTF-8"?>
<!-- Generated by org.testng.reporters.JUnitXMLReporter -->
<testsuite ignored="0" hostname="PUMA-65885-WL1" failures="7" tests="12" name="Default test" time="1896.384" errors="0" timestamp="2024-05-02T14:08:59 IST">
  <testcase classname="io.cucumber.testng.AbstractTestNGCucumberTests" name="runScenario" time="230.435">
    <failure type="java.lang.AssertionError" message="User Name field is displayed expected [true] but found [false]">
      <![CDATA[java.lang.AssertionError: User Name field is displayed expected [true] but found [false]
at org.testng.Assert.fail(Assert.java:99)
at org.testng.Assert.failNotEquals(Assert.java:1037)
at org.testng.Assert.assertTrue(Assert.java:45)
at StepDefinition.LoginSteps.is_username_field_displayed(LoginSteps.java:99)
at ✽.User Name is displayed(file:///D:/Prajakta/BDDFramework/src/test/resources/features/LoginPage.feature:16)
]]>
    </failure>
  </testcase> <!-- runScenario -->
  <testcase classname="io.cucumber.testng.AbstractTestNGCucumberTests" name="runScenario" time="189.667"/>
  <testcase classname="io.cucumber.testng.AbstractTestNGCucumberTests" name="runScenario" time="172.063"/>
  <testcase classname="io.cucumber.testng.AbstractTestNGCucumberTests" name="runScenario" time="153.137">
    <failure type="java.lang.AssertionError" message="Searchbox is visible expected [true] but found [false]">
      <![CDATA[java.lang.AssertionError: Searchbox is visible expected [true] but found [false]
at org.testng.Assert.fail(Assert.java:99)
at org.testng.Assert.failNotEquals(Assert.java:1037)
at org.testng.Assert.assertTrue(Assert.java:45)
at StepDefinition.LoginSteps.searchbox_is_visible(LoginSteps.java:141)
at ✽.searchbox is visible(file:///D:/Prajakta/BDDFramework/src/test/resources/features/LoginPage.feature:42)
]]>
    </failure>
  </testcase> <!-- runScenario -->
  <testcase classname="io.cucumber.testng.AbstractTestNGCucumberTests" name="runScenario" time="162.079">
    <failure type="java.lang.AssertionError" message=" Drop down is present expected [true] but found [false]">
      <![CDATA[java.lang.AssertionError:  Drop down is present expected [true] but found [false]
at org.testng.Assert.fail(Assert.java:99)
at org.testng.Assert.failNotEquals(Assert.java:1037)
at org.testng.Assert.assertTrue(Assert.java:45)
at StepDefinition.LoginSteps.other_elements_displayed(LoginSteps.java:162)
at ✽.Buttons displayed(file:///D:/Prajakta/BDDFramework/src/test/resources/features/LoginPage.feature:48)
]]>
    </failure>
  </testcase> <!-- runScenario -->
  <testcase classname="io.cucumber.testng.AbstractTestNGCucumberTests" name="runScenario" time="161.197">
    <failure type="java.lang.AssertionError" message="Clicked on Drop down Button expected [true] but found [false]">
      <![CDATA[java.lang.AssertionError: Clicked on Drop down Button expected [true] but found [false]
at org.testng.Assert.fail(Assert.java:99)
at org.testng.Assert.failNotEquals(Assert.java:1037)
at org.testng.Assert.assertTrue(Assert.java:45)
at StepDefinition.LoginSteps.clicks_on_drpdwn_button(LoginSteps.java:130)
at ✽.user clicks Dropdown button(file:///D:/Prajakta/BDDFramework/src/test/resources/features/LoginPage.feature:52)
]]>
    </failure>
  </testcase> <!-- runScenario -->
  <testcase classname="TestRunner.TestRunner" name="feature" time="41.747"/>
  <testcase classname="TestRunner.TestRunner" name="feature" time="154.388"/>
  <testcase classname="TestRunner.TestRunner" name="feature" time="152.958"/>
  <testcase classname="TestRunner.TestRunner" name="feature" time="155.087">
    <failure type="java.lang.AssertionError" message="Searchbox is visible expected [true] but found [false]">
      <![CDATA[java.lang.AssertionError: Searchbox is visible expected [true] but found [false]
at org.testng.Assert.fail(Assert.java:99)
at org.testng.Assert.failNotEquals(Assert.java:1037)
at org.testng.Assert.assertTrue(Assert.java:45)
at StepDefinition.LoginSteps.searchbox_is_visible(LoginSteps.java:141)
at ✽.searchbox is visible(file:///D:/Prajakta/BDDFramework/src/test/resources/features/LoginPage.feature:42)
]]>
    </failure>
  </testcase> <!-- feature -->
  <testcase classname="TestRunner.TestRunner" name="feature" time="159.463">
    <failure type="java.lang.AssertionError" message=" Drop down is present expected [true] but found [false]">
      <![CDATA[java.lang.AssertionError:  Drop down is present expected [true] but found [false]
at org.testng.Assert.fail(Assert.java:99)
at org.testng.Assert.failNotEquals(Assert.java:1037)
at org.testng.Assert.assertTrue(Assert.java:45)
at StepDefinition.LoginSteps.other_elements_displayed(LoginSteps.java:162)
at ✽.Buttons displayed(file:///D:/Prajakta/BDDFramework/src/test/resources/features/LoginPage.feature:48)
]]>
    </failure>
  </testcase> <!-- feature -->
  <testcase classname="TestRunner.TestRunner" name="feature" time="161.813">
    <failure type="java.lang.AssertionError" message="Clicked on Drop down Button expected [true] but found [false]">
      <![CDATA[java.lang.AssertionError: Clicked on Drop down Button expected [true] but found [false]
at org.testng.Assert.fail(Assert.java:99)
at org.testng.Assert.failNotEquals(Assert.java:1037)
at org.testng.Assert.assertTrue(Assert.java:45)
at StepDefinition.LoginSteps.clicks_on_drpdwn_button(LoginSteps.java:130)
at ✽.user clicks Dropdown button(file:///D:/Prajakta/BDDFramework/src/test/resources/features/LoginPage.feature:52)
]]>
    </failure>
  </testcase> <!-- feature -->
</testsuite> <!-- Default test -->
