<html>
<head>
<title>TestNG:  Default test</title>
<link href="../testng.css" rel="stylesheet" type="text/css" />
<link href="../my-testng.css" rel="stylesheet" type="text/css" />

<style type="text/css">
.log { display: none;} 
.stack-trace { display: none;} 
</style>
<script type="text/javascript">
<!--
function flip(e) {
  current = e.style.display;
  if (current == 'block') {
    e.style.display = 'none';
    return 0;
  }
  else {
    e.style.display = 'block';
    return 1;
  }
}

function toggleBox(szDivId, elem, msg1, msg2)
{
  var res = -1;  if (document.getElementById) {
    res = flip(document.getElementById(szDivId));
  }
  else if (document.all) {
    // this is the way old msie versions work
    res = flip(document.all[szDivId]);
  }
  if(elem) {
    if(res == 0) elem.innerHTML = msg1; else elem.innerHTML = msg2;
  }

}

function toggleAllBoxes() {
  if (document.getElementsByTagName) {
    d = document.getElementsByTagName('div');
    for (i = 0; i < d.length; i++) {
      if (d[i].className == 'log') {
        flip(d[i]);
      }
    }
  }
}

// -->
</script>

</head>
<body>
<h2 align='center'>Default test</h2><table border='1' align="center">
<tr>
<td>Tests passed/Failed/Skipped:</td><td>5/7/0</td>
</tr><tr>
<td>Started on:</td><td>Thu May 02 13:37:22 IST 2024</td>
</tr>
<tr><td>Total time:</td><td>1896 seconds (1896384 ms)</td>
</tr><tr>
<td>Included groups:</td><td></td>
</tr><tr>
<td>Excluded groups:</td><td></td>
</tr>
</table><p/>
<small><i>(Hover the method name to see the test class name)</i></small><p/>
<table width='100%' border='1' class='invocation-failed'>
<tr><td colspan='4' align='center'><b>FAILED TESTS</b></td></tr>
<tr><td><b>Test method</b></td>
<td width="30%"><b>Exception</b></td>
<td width="10%"><b>Time (seconds)</b></td>
<td><b>Instance</b></td>
</tr>
<tr>
<td title='TestRunner.TestRunner.runScenario()'><b>runScenario</b><br>Test class: TestRunner.TestRunner<br>Test method: Runs Cucumber Scenarios<br>Parameters: "Elements displayed on login page", "Login Screen feature"</td>
<td><div><pre>java.lang.AssertionError: User Name field is displayed expected [true] but found [false]
	at org.testng.Assert.fail(Assert.java:99)
	at org.testng.Assert.failNotEquals(Assert.java:1037)
	at org.testng.Assert.assertTrue(Assert.java:45)
	at StepDefinition.LoginSteps.is_username_field_displayed(LoginSteps.java:99)
	at ✽.User Name is displayed(file:///D:/Prajakta/BDDFramework/src/test/resources/features/LoginPage.feature:16)
</pre></div><a href='#' onClick='toggleBox("stack-trace2022417982", this, "Click to show all stack frames", "Click to hide stack frames")'>Click to show all stack frames</a>
<div class='stack-trace' id='stack-trace2022417982'><pre>java.lang.AssertionError: User Name field is displayed expected [true] but found [false]
	at org.testng.Assert.fail(Assert.java:99)
	at org.testng.Assert.failNotEquals(Assert.java:1037)
	at org.testng.Assert.assertTrue(Assert.java:45)
	at StepDefinition.LoginSteps.is_username_field_displayed(LoginSteps.java:99)
	at ✽.User Name is displayed(file:///D:/Prajakta/BDDFramework/src/test/resources/features/LoginPage.feature:16)
</pre></div></td>
<td>230</td>
<td>TestRunner.TestRunner@6a78afa0</td></tr>
<tr>
<td title='TestRunner.TestRunner.runScenario()'><b>runScenario</b><br>Test class: TestRunner.TestRunner<br>Test method: Runs Cucumber Scenarios<br>Parameters: "User wants to sign out", "Login Screen feature"</td>
<td><div><pre>java.lang.AssertionError: Clicked on Drop down Button expected [true] but found [false]
	at org.testng.Assert.fail(Assert.java:99)
	at org.testng.Assert.failNotEquals(Assert.java:1037)
	at org.testng.Assert.assertTrue(Assert.java:45)
	at StepDefinition.LoginSteps.clicks_on_drpdwn_button(LoginSteps.java:130)
	at ✽.user clicks Dropdown button(file:///D:/Prajakta/BDDFramework/src/test/resources/features/LoginPage.feature:52)
</pre></div><a href='#' onClick='toggleBox("stack-trace1736238361", this, "Click to show all stack frames", "Click to hide stack frames")'>Click to show all stack frames</a>
<div class='stack-trace' id='stack-trace1736238361'><pre>java.lang.AssertionError: Clicked on Drop down Button expected [true] but found [false]
	at org.testng.Assert.fail(Assert.java:99)
	at org.testng.Assert.failNotEquals(Assert.java:1037)
	at org.testng.Assert.assertTrue(Assert.java:45)
	at StepDefinition.LoginSteps.clicks_on_drpdwn_button(LoginSteps.java:130)
	at ✽.user clicks Dropdown button(file:///D:/Prajakta/BDDFramework/src/test/resources/features/LoginPage.feature:52)
</pre></div></td>
<td>161</td>
<td>TestRunner.TestRunner@6a78afa0</td></tr>
<tr>
<td title='TestRunner.TestRunner.feature()'><b>feature</b><br>Test class: TestRunner.TestRunner<br>Test method: Runs Cucumber Feature<br>Parameters: "Login with valid credentials", "Login Screen feature"</td>
<td><div><pre>java.lang.AssertionError: Searchbox is visible expected [true] but found [false]
	at org.testng.Assert.fail(Assert.java:99)
	at org.testng.Assert.failNotEquals(Assert.java:1037)
	at org.testng.Assert.assertTrue(Assert.java:45)
	at StepDefinition.LoginSteps.searchbox_is_visible(LoginSteps.java:141)
	at ✽.searchbox is visible(file:///D:/Prajakta/BDDFramework/src/test/resources/features/LoginPage.feature:42)
</pre></div><a href='#' onClick='toggleBox("stack-trace886693791", this, "Click to show all stack frames", "Click to hide stack frames")'>Click to show all stack frames</a>
<div class='stack-trace' id='stack-trace886693791'><pre>java.lang.AssertionError: Searchbox is visible expected [true] but found [false]
	at org.testng.Assert.fail(Assert.java:99)
	at org.testng.Assert.failNotEquals(Assert.java:1037)
	at org.testng.Assert.assertTrue(Assert.java:45)
	at StepDefinition.LoginSteps.searchbox_is_visible(LoginSteps.java:141)
	at ✽.searchbox is visible(file:///D:/Prajakta/BDDFramework/src/test/resources/features/LoginPage.feature:42)
</pre></div></td>
<td>155</td>
<td>TestRunner.TestRunner@6a78afa0</td></tr>
<tr>
<td title='TestRunner.TestRunner.feature()'><b>feature</b><br>Test class: TestRunner.TestRunner<br>Test method: Runs Cucumber Feature<br>Parameters: "Elements displayed after login", "Login Screen feature"</td>
<td><div><pre>java.lang.AssertionError:  Drop down is present expected [true] but found [false]
	at org.testng.Assert.fail(Assert.java:99)
	at org.testng.Assert.failNotEquals(Assert.java:1037)
	at org.testng.Assert.assertTrue(Assert.java:45)
	at StepDefinition.LoginSteps.other_elements_displayed(LoginSteps.java:162)
	at ✽.Buttons displayed(file:///D:/Prajakta/BDDFramework/src/test/resources/features/LoginPage.feature:48)
</pre></div><a href='#' onClick='toggleBox("stack-trace1114050800", this, "Click to show all stack frames", "Click to hide stack frames")'>Click to show all stack frames</a>
<div class='stack-trace' id='stack-trace1114050800'><pre>java.lang.AssertionError:  Drop down is present expected [true] but found [false]
	at org.testng.Assert.fail(Assert.java:99)
	at org.testng.Assert.failNotEquals(Assert.java:1037)
	at org.testng.Assert.assertTrue(Assert.java:45)
	at StepDefinition.LoginSteps.other_elements_displayed(LoginSteps.java:162)
	at ✽.Buttons displayed(file:///D:/Prajakta/BDDFramework/src/test/resources/features/LoginPage.feature:48)
</pre></div></td>
<td>159</td>
<td>TestRunner.TestRunner@6a78afa0</td></tr>
<tr>
<td title='TestRunner.TestRunner.feature()'><b>feature</b><br>Test class: TestRunner.TestRunner<br>Test method: Runs Cucumber Feature<br>Parameters: "User wants to sign out", "Login Screen feature"</td>
<td><div><pre>java.lang.AssertionError: Clicked on Drop down Button expected [true] but found [false]
	at org.testng.Assert.fail(Assert.java:99)
	at org.testng.Assert.failNotEquals(Assert.java:1037)
	at org.testng.Assert.assertTrue(Assert.java:45)
	at StepDefinition.LoginSteps.clicks_on_drpdwn_button(LoginSteps.java:130)
	at ✽.user clicks Dropdown button(file:///D:/Prajakta/BDDFramework/src/test/resources/features/LoginPage.feature:52)
</pre></div><a href='#' onClick='toggleBox("stack-trace1630790155", this, "Click to show all stack frames", "Click to hide stack frames")'>Click to show all stack frames</a>
<div class='stack-trace' id='stack-trace1630790155'><pre>java.lang.AssertionError: Clicked on Drop down Button expected [true] but found [false]
	at org.testng.Assert.fail(Assert.java:99)
	at org.testng.Assert.failNotEquals(Assert.java:1037)
	at org.testng.Assert.assertTrue(Assert.java:45)
	at StepDefinition.LoginSteps.clicks_on_drpdwn_button(LoginSteps.java:130)
	at ✽.user clicks Dropdown button(file:///D:/Prajakta/BDDFramework/src/test/resources/features/LoginPage.feature:52)
</pre></div></td>
<td>161</td>
<td>TestRunner.TestRunner@6a78afa0</td></tr>
<tr>
<td title='TestRunner.TestRunner.runScenario()'><b>runScenario</b><br>Test class: TestRunner.TestRunner<br>Test method: Runs Cucumber Scenarios<br>Parameters: "Login with valid credentials", "Login Screen feature"</td>
<td><div><pre>java.lang.AssertionError: Searchbox is visible expected [true] but found [false]
	at org.testng.Assert.fail(Assert.java:99)
	at org.testng.Assert.failNotEquals(Assert.java:1037)
	at org.testng.Assert.assertTrue(Assert.java:45)
	at StepDefinition.LoginSteps.searchbox_is_visible(LoginSteps.java:141)
	at ✽.searchbox is visible(file:///D:/Prajakta/BDDFramework/src/test/resources/features/LoginPage.feature:42)
</pre></div><a href='#' onClick='toggleBox("stack-trace1907028305", this, "Click to show all stack frames", "Click to hide stack frames")'>Click to show all stack frames</a>
<div class='stack-trace' id='stack-trace1907028305'><pre>java.lang.AssertionError: Searchbox is visible expected [true] but found [false]
	at org.testng.Assert.fail(Assert.java:99)
	at org.testng.Assert.failNotEquals(Assert.java:1037)
	at org.testng.Assert.assertTrue(Assert.java:45)
	at StepDefinition.LoginSteps.searchbox_is_visible(LoginSteps.java:141)
	at ✽.searchbox is visible(file:///D:/Prajakta/BDDFramework/src/test/resources/features/LoginPage.feature:42)
</pre></div></td>
<td>153</td>
<td>TestRunner.TestRunner@6a78afa0</td></tr>
<tr>
<td title='TestRunner.TestRunner.runScenario()'><b>runScenario</b><br>Test class: TestRunner.TestRunner<br>Test method: Runs Cucumber Scenarios<br>Parameters: "Elements displayed after login", "Login Screen feature"</td>
<td><div><pre>java.lang.AssertionError:  Drop down is present expected [true] but found [false]
	at org.testng.Assert.fail(Assert.java:99)
	at org.testng.Assert.failNotEquals(Assert.java:1037)
	at org.testng.Assert.assertTrue(Assert.java:45)
	at StepDefinition.LoginSteps.other_elements_displayed(LoginSteps.java:162)
	at ✽.Buttons displayed(file:///D:/Prajakta/BDDFramework/src/test/resources/features/LoginPage.feature:48)
</pre></div><a href='#' onClick='toggleBox("stack-trace831931099", this, "Click to show all stack frames", "Click to hide stack frames")'>Click to show all stack frames</a>
<div class='stack-trace' id='stack-trace831931099'><pre>java.lang.AssertionError:  Drop down is present expected [true] but found [false]
	at org.testng.Assert.fail(Assert.java:99)
	at org.testng.Assert.failNotEquals(Assert.java:1037)
	at org.testng.Assert.assertTrue(Assert.java:45)
	at StepDefinition.LoginSteps.other_elements_displayed(LoginSteps.java:162)
	at ✽.Buttons displayed(file:///D:/Prajakta/BDDFramework/src/test/resources/features/LoginPage.feature:48)
</pre></div></td>
<td>162</td>
<td>TestRunner.TestRunner@6a78afa0</td></tr>
</table><p>
<table width='100%' border='1' class='invocation-passed'>
<tr><td colspan='4' align='center'><b>PASSED TESTS</b></td></tr>
<tr><td><b>Test method</b></td>
<td width="30%"><b>Exception</b></td>
<td width="10%"><b>Time (seconds)</b></td>
<td><b>Instance</b></td>
</tr>
<tr>
<td title='TestRunner.TestRunner.runScenario()'><b>runScenario</b><br>Test class: TestRunner.TestRunner<br>Test method: Runs Cucumber Scenarios<br>Parameters: "Enter space in login fields credentials", "Login Screen feature"</td>
<td></td>
<td>172</td>
<td>TestRunner.TestRunner@6a78afa0</td></tr>
<tr>
<td title='TestRunner.TestRunner.feature()'><b>feature</b><br>Test class: TestRunner.TestRunner<br>Test method: Runs Cucumber Feature<br>Parameters: "Enter space in login fields credentials", "Login Screen feature"</td>
<td></td>
<td>152</td>
<td>TestRunner.TestRunner@6a78afa0</td></tr>
<tr>
<td title='TestRunner.TestRunner.feature()'><b>feature</b><br>Test class: TestRunner.TestRunner<br>Test method: Runs Cucumber Feature<br>Parameters: "Login with invalid credentials", "Login Screen feature"</td>
<td></td>
<td>154</td>
<td>TestRunner.TestRunner@6a78afa0</td></tr>
<tr>
<td title='TestRunner.TestRunner.runScenario()'><b>runScenario</b><br>Test class: TestRunner.TestRunner<br>Test method: Runs Cucumber Scenarios<br>Parameters: "Login with invalid credentials", "Login Screen feature"</td>
<td></td>
<td>189</td>
<td>TestRunner.TestRunner@6a78afa0</td></tr>
<tr>
<td title='TestRunner.TestRunner.feature()'><b>feature</b><br>Test class: TestRunner.TestRunner<br>Test method: Runs Cucumber Feature<br>Parameters: "Elements displayed on login page", "Login Screen feature"</td>
<td></td>
<td>41</td>
<td>TestRunner.TestRunner@6a78afa0</td></tr>
</table><p>
</body>
</html>